{"/Users/choo/GithubProjects/CMU_Fall_2023/a3-grpc-api/client/testFunction.ts": {"path":"/Users/choo/GithubProjects/CMU_Fall_2023/a3-grpc-api/client/testFunction.ts","statementMap":{"0":{"start":{"line":3,"column":4},"end":{"line":36,"column":null}},"1":{"start":{"line":4,"column":8},"end":{"line":7,"column":9}},"2":{"start":{"line":5,"column":12},"end":{"line":5,"column":31}},"3":{"start":{"line":6,"column":12},"end":{"line":6,"column":18}},"4":{"start":{"line":8,"column":8},"end":{"line":8,"column":null}},"5":{"start":{"line":9,"column":8},"end":{"line":35,"column":11}},"6":{"start":{"line":10,"column":12},"end":{"line":13,"column":13}},"7":{"start":{"line":11,"column":16},"end":{"line":11,"column":35}},"8":{"start":{"line":12,"column":16},"end":{"line":12,"column":23}},"9":{"start":{"line":15,"column":12},"end":{"line":15,"column":null}},"10":{"start":{"line":16,"column":12},"end":{"line":33,"column":15}},"11":{"start":{"line":17,"column":16},"end":{"line":20,"column":17}},"12":{"start":{"line":18,"column":20},"end":{"line":18,"column":39}},"13":{"start":{"line":19,"column":20},"end":{"line":19,"column":27}},"14":{"start":{"line":22,"column":16},"end":{"line":22,"column":33}},"15":{"start":{"line":23,"column":42},"end":{"line":25,"column":24}},"16":{"start":{"line":24,"column":20},"end":{"line":24,"column":120}},"17":{"start":{"line":27,"column":16},"end":{"line":32,"column":17}},"18":{"start":{"line":28,"column":20},"end":{"line":28,"column":41}},"19":{"start":{"line":31,"column":20},"end":{"line":31,"column":62}},"20":{"start":{"line":1,"column":0},"end":{"line":1,"column":16}}},"fnMap":{"0":{"name":"testFunction","decl":{"start":{"line":1,"column":16},"end":{"line":1,"column":28}},"loc":{"start":{"line":1,"column":64},"end":{"line":37,"column":1}}},"1":{"name":"(anonymous_1)","decl":{"start":{"line":3,"column":39},"end":{"line":3,"column":40}},"loc":{"start":{"line":3,"column":57},"end":{"line":36,"column":5}}},"2":{"name":"(anonymous_2)","decl":{"start":{"line":9,"column":70},"end":{"line":9,"column":71}},"loc":{"start":{"line":9,"column":86},"end":{"line":35,"column":9}}},"3":{"name":"(anonymous_3)","decl":{"start":{"line":16,"column":87},"end":{"line":16,"column":88}},"loc":{"start":{"line":16,"column":100},"end":{"line":33,"column":13}}},"4":{"name":"(anonymous_4)","decl":{"start":{"line":23,"column":71},"end":{"line":23,"column":72}},"loc":{"start":{"line":23,"column":98},"end":{"line":25,"column":17}}}},"branchMap":{"0":{"loc":{"start":{"line":1,"column":45},"end":{"line":1,"column":54}},"type":"default-arg","locations":[{"start":{"line":1,"column":53},"end":{"line":1,"column":54}}]},"1":{"loc":{"start":{"line":4,"column":8},"end":{"line":7,"column":9}},"type":"if","locations":[{"start":{"line":4,"column":8},"end":{"line":7,"column":9}}]},"2":{"loc":{"start":{"line":10,"column":12},"end":{"line":13,"column":13}},"type":"if","locations":[{"start":{"line":10,"column":12},"end":{"line":13,"column":13}}]},"3":{"loc":{"start":{"line":17,"column":16},"end":{"line":20,"column":17}},"type":"if","locations":[{"start":{"line":17,"column":16},"end":{"line":20,"column":17}}]},"4":{"loc":{"start":{"line":24,"column":27},"end":{"line":24,"column":119}},"type":"cond-expr","locations":[{"start":{"line":24,"column":96},"end":{"line":24,"column":108}},{"start":{"line":24,"column":111},"end":{"line":24,"column":119}}]},"5":{"loc":{"start":{"line":24,"column":28},"end":{"line":24,"column":92}},"type":"binary-expr","locations":[{"start":{"line":24,"column":28},"end":{"line":24,"column":37}},{"start":{"line":24,"column":41},"end":{"line":24,"column":92}}]},"6":{"loc":{"start":{"line":27,"column":16},"end":{"line":32,"column":17}},"type":"if","locations":[{"start":{"line":27,"column":16},"end":{"line":32,"column":17}},{"start":{"line":30,"column":21},"end":{"line":32,"column":17}}]}},"s":{"0":1,"1":1,"2":0,"3":0,"4":1,"5":1,"6":1,"7":0,"8":0,"9":1,"10":1,"11":1,"12":0,"13":0,"14":1,"15":1,"16":1,"17":1,"18":0,"19":1,"20":1},"f":{"0":1,"1":1,"2":1,"3":1,"4":1},"b":{"0":[0],"1":[0],"2":[0],"3":[0],"4":[1,0],"5":[1,0],"6":[0,1]}}
}
