TN:
SF:client/testFunction.ts
FN:1,testFunction
FN:3,(anonymous_1)
FN:9,(anonymous_2)
FN:16,(anonymous_3)
FN:23,(anonymous_4)
FNF:5
FNH:5
FNDA:1,testFunction
FNDA:1,(anonymous_1)
FNDA:1,(anonymous_2)
FNDA:1,(anonymous_3)
FNDA:1,(anonymous_4)
DA:1,1
DA:3,1
DA:4,1
DA:5,0
DA:6,0
DA:8,1
DA:9,1
DA:10,1
DA:11,0
DA:12,0
DA:15,1
DA:16,1
DA:17,1
DA:18,0
DA:19,0
DA:22,1
DA:23,1
DA:24,1
DA:27,1
DA:28,0
DA:31,1
LF:21
LH:14
BRDA:1,0,0,0
BRDA:4,1,0,0
BRDA:10,2,0,0
BRDA:17,3,0,0
BRDA:24,4,0,1
BRDA:24,4,1,0
BRDA:24,5,0,1
BRDA:24,5,1,0
BRDA:27,6,0,0
BRDA:27,6,1,1
BRF:10
BRH:3
end_of_record
